<?xml version="1.0" encoding="UTF-8"?>
<!-- Generated by org.testng.reporters.JUnitXMLReporter -->
<testsuite hostname="GBCGEOR-PMPFJ0V" ignored="0" name="Parameterization Testing" tests="2" failures="0" timestamp="22 Jun 2018 19:53:31 GMT" time="40.468" errors="0">
  <testcase name="loginhrmlive" time="1.294" classname="com.w2a.testcases.orangehrmParameters"/>
  <testcase name="runbadlink" time="31.819" classname="com.w2a.testcases.badweblink"/>
</testsuite> <!-- Parameterization Testing -->
