<?xml version="1.0" encoding="UTF-8"?>
<testng-results skipped="0" failed="0" ignored="0" total="1" passed="1">
  <reporter-output>
  </reporter-output>
  <suite name="parametertesting" duration-ms="5998" started-at="2018-05-31T17:10:54Z" finished-at="2018-05-31T17:11:00Z">
    <groups>
    </groups>
    <test name="Parameterization Testing" duration-ms="5998" started-at="2018-05-31T17:10:54Z" finished-at="2018-05-31T17:11:00Z">
      <class name="testngtut.orangehrmParameters">
        <test-method status="PASS" signature="setUP(java.lang.String, java.lang.String)[pri:0, instance:testngtut.orangehrmParameters@3532ec19]" name="setUP" is-config="true" duration-ms="3874" started-at="2018-05-31T17:10:54Z" finished-at="2018-05-31T17:10:58Z">
          <params>
            <param index="0">
              <value>
                <![CDATA[]]>
              </value>
            </param>
            <param index="1">
              <value>
                <![CDATA[http://opensource.demo.orangehrmlive.com/]]>
              </value>
            </param>
          </params>
          <reporter-output>
          </reporter-output>
        </test-method> <!-- setUP -->
        <test-method status="PASS" signature="loginhrmlive(java.lang.String, java.lang.String)[pri:0, instance:testngtut.orangehrmParameters@3532ec19]" name="loginhrmlive" duration-ms="1253" started-at="2018-05-31T17:10:58Z" finished-at="2018-05-31T17:10:59Z">
          <params>
            <param index="0">
              <value>
                <![CDATA[Admin]]>
              </value>
            </param>
            <param index="1">
              <value>
                <![CDATA[admin]]>
              </value>
            </param>
          </params>
          <reporter-output>
          </reporter-output>
        </test-method> <!-- loginhrmlive -->
        <test-method status="PASS" signature="afterMethod()[pri:0, instance:testngtut.orangehrmParameters@3532ec19]" name="afterMethod" is-config="true" duration-ms="854" started-at="2018-05-31T17:10:59Z" finished-at="2018-05-31T17:11:00Z">
          <reporter-output>
          </reporter-output>
        </test-method> <!-- afterMethod -->
      </class> <!-- testngtut.orangehrmParameters -->
    </test> <!-- Parameterization Testing -->
  </suite> <!-- parametertesting -->
</testng-results>
