<?xml version="1.0" encoding="UTF-8"?>
<testng-results skipped="0" failed="0" ignored="0" total="2" passed="2">
  <reporter-output>
  </reporter-output>
  <suite name="parametertesting" duration-ms="40468" started-at="2018-06-22T19:52:50Z" finished-at="2018-06-22T19:53:31Z">
    <groups>
    </groups>
    <test name="Parameterization Testing" duration-ms="40468" started-at="2018-06-22T19:52:50Z" finished-at="2018-06-22T19:53:31Z">
      <class name="com.w2a.testcases.badweblink">
        <test-method status="PASS" signature="setup()[pri:0, instance:com.w2a.testcases.badweblink@75881071]" name="setup" is-config="true" duration-ms="21" started-at="2018-06-22T19:52:50Z" finished-at="2018-06-22T19:52:50Z">
          <reporter-output>
          </reporter-output>
        </test-method> <!-- setup -->
        <test-method status="PASS" signature="setUP(java.lang.String, java.lang.String)[pri:0, instance:com.w2a.testcases.orangehrmParameters@1fc2b765]" name="setUP" is-config="true" duration-ms="5513" started-at="2018-06-22T19:52:50Z" finished-at="2018-06-22T19:52:56Z">
          <params>
            <param index="0">
              <value>
                <![CDATA[]]>
              </value>
            </param>
            <param index="1">
              <value>
                <![CDATA[http://opensource.demo.orangehrmlive.com/]]>
              </value>
            </param>
          </params>
          <reporter-output>
          </reporter-output>
        </test-method> <!-- setUP -->
        <test-method status="PASS" signature="runbadlink()[pri:0, instance:com.w2a.testcases.badweblink@75881071]" name="runbadlink" duration-ms="31819" started-at="2018-06-22T19:52:57Z" finished-at="2018-06-22T19:53:29Z">
          <reporter-output>
          </reporter-output>
        </test-method> <!-- runbadlink -->
        <test-method status="PASS" signature="Quit()[pri:0, instance:com.w2a.testcases.badweblink@75881071]" name="Quit" is-config="true" duration-ms="948" started-at="2018-06-22T19:53:29Z" finished-at="2018-06-22T19:53:30Z">
          <reporter-output>
          </reporter-output>
        </test-method> <!-- Quit -->
        <test-method status="PASS" signature="Quit()[pri:0, instance:com.w2a.testcases.orangehrmParameters@1fc2b765]" name="Quit" is-config="true" duration-ms="813" started-at="2018-06-22T19:53:30Z" finished-at="2018-06-22T19:53:31Z">
          <reporter-output>
          </reporter-output>
        </test-method> <!-- Quit -->
      </class> <!-- com.w2a.testcases.badweblink -->
      <class name="com.w2a.testcases.orangehrmParameters">
        <test-method status="PASS" signature="loginhrmlive(java.lang.String, java.lang.String)[pri:0, instance:com.w2a.testcases.orangehrmParameters@1fc2b765]" name="loginhrmlive" duration-ms="1294" started-at="2018-06-22T19:52:56Z" finished-at="2018-06-22T19:52:57Z">
          <params>
            <param index="0">
              <value>
                <![CDATA[Admin]]>
              </value>
            </param>
            <param index="1">
              <value>
                <![CDATA[admin]]>
              </value>
            </param>
          </params>
          <reporter-output>
          </reporter-output>
        </test-method> <!-- loginhrmlive -->
      </class> <!-- com.w2a.testcases.orangehrmParameters -->
    </test> <!-- Parameterization Testing -->
  </suite> <!-- parametertesting -->
</testng-results>
